[0.094s] Invoking command in 'c:\dev\micro_ros_ws\build\micro_ros_setup': CL=/MP C:\Program Files\CMake\bin\cmake.EXE --build c:\dev\micro_ros_ws\build\micro_ros_setup --config Release
[0.250s] MSBuild ÇÃÉoÅ[ÉWÉáÉì 17.8.5+b5265ef37 (.NET Framework)
[0.281s] 
[0.610s] Invoked command in 'c:\dev\micro_ros_ws\build\micro_ros_setup' returned '0': CL=/MP C:\Program Files\CMake\bin\cmake.EXE --build c:\dev\micro_ros_ws\build\micro_ros_setup --config Release
[0.656s] Invoking command in 'c:\dev\micro_ros_ws\build\micro_ros_setup': C:\Program Files\CMake\bin\cmake.EXE --install c:\dev\micro_ros_ws\build\micro_ros_setup --config Release
[0.703s] -- Up-to-date: C:/dev/micro_ros_ws/install/micro_ros_setup/share/ament_index/resource_index/package_run_dependencies/micro_ros_setup
[0.719s] -- Up-to-date: C:/dev/micro_ros_ws/install/micro_ros_setup/share/ament_index/resource_index/parent_prefix_path/micro_ros_setup
[0.735s] -- Up-to-date: C:/dev/micro_ros_ws/install/micro_ros_setup/share/micro_ros_setup/environment/ament_prefix_path.bat
[0.750s] -- Up-to-date: C:/dev/micro_ros_ws/install/micro_ros_setup/share/micro_ros_setup/environment/ament_prefix_path.dsv
[0.750s] -- Up-to-date: C:/dev/micro_ros_ws/install/micro_ros_setup/share/micro_ros_setup/environment/path.bat
[0.781s] -- Up-to-date: C:/dev/micro_ros_ws/install/micro_ros_setup/share/micro_ros_setup/environment/path.dsv
[0.797s] -- Up-to-date: C:/dev/micro_ros_ws/install/micro_ros_setup/share/micro_ros_setup/local_setup.bat
[0.813s] -- Up-to-date: C:/dev/micro_ros_ws/install/micro_ros_setup/share/micro_ros_setup/local_setup.dsv
[0.844s] -- Installing: C:/dev/micro_ros_ws/install/micro_ros_setup/share/micro_ros_setup/package.dsv
[0.844s] -- Up-to-date: C:/dev/micro_ros_ws/install/micro_ros_setup/share/ament_index/resource_index/packages/micro_ros_setup
[0.860s] -- Up-to-date: C:/dev/micro_ros_ws/install/micro_ros_setup/share/micro_ros_setup/cmake/micro_ros_setupConfig.cmake
[0.875s] -- Up-to-date: C:/dev/micro_ros_ws/install/micro_ros_setup/share/micro_ros_setup/cmake/micro_ros_setupConfig-version.cmake
[0.875s] -- Up-to-date: C:/dev/micro_ros_ws/install/micro_ros_setup/share/micro_ros_setup/package.xml
[0.875s] -- Up-to-date: C:/dev/micro_ros_ws/install/micro_ros_setup/./config
[0.891s] -- Up-to-date: C:/dev/micro_ros_ws/install/micro_ros_setup/./config/agent_ros2_packages.txt
[0.906s] -- Up-to-date: C:/dev/micro_ros_ws/install/micro_ros_setup/./config/agent_uros_packages.repos
[0.906s] -- Up-to-date: C:/dev/micro_ros_ws/install/micro_ros_setup/./config/android
[0.922s] -- Up-to-date: C:/dev/micro_ros_ws/install/micro_ros_setup/./config/android/dev_ros2_packages.txt
[0.938s] -- Up-to-date: C:/dev/micro_ros_ws/install/micro_ros_setup/./config/android/dev_uros_packages.repos
[0.938s] -- Up-to-date: C:/dev/micro_ros_ws/install/micro_ros_setup/./config/android/generic
[0.953s] -- Up-to-date: C:/dev/micro_ros_ws/install/micro_ros_setup/./config/android/generic/build.sh
[0.969s] -- Up-to-date: C:/dev/micro_ros_ws/install/micro_ros_setup/./config/android/generic/client-colcon.meta
[0.985s] -- Up-to-date: C:/dev/micro_ros_ws/install/micro_ros_setup/./config/android/generic/client_uros_packages.repos
[1.000s] -- Up-to-date: C:/dev/micro_ros_ws/install/micro_ros_setup/./config/android/generic/create.sh
[1.016s] -- Up-to-date: C:/dev/micro_ros_ws/install/micro_ros_setup/./config/android/generic/flash.sh
[1.031s] -- Up-to-date: C:/dev/micro_ros_ws/install/micro_ros_setup/./config/android/generic/package.xml
[1.047s] -- Up-to-date: C:/dev/micro_ros_ws/install/micro_ros_setup/./config/client_ros2_packages.txt
[1.063s] -- Up-to-date: C:/dev/micro_ros_ws/install/micro_ros_setup/./config/client_uros_packages.repos
[1.063s] -- Up-to-date: C:/dev/micro_ros_ws/install/micro_ros_setup/./config/freertos
[1.063s] -- Up-to-date: C:/dev/micro_ros_ws/install/micro_ros_setup/./config/freertos/crazyflie21
[1.078s] -- Up-to-date: C:/dev/micro_ros_ws/install/micro_ros_setup/./config/freertos/crazyflie21/board.repos
[1.094s] -- Up-to-date: C:/dev/micro_ros_ws/install/micro_ros_setup/./config/freertos/crazyflie21/build.sh
[1.094s] -- Up-to-date: C:/dev/micro_ros_ws/install/micro_ros_setup/./config/freertos/crazyflie21/client-colcon.meta
[1.110s] -- Up-to-date: C:/dev/micro_ros_ws/install/micro_ros_setup/./config/freertos/crazyflie21/client_uros_packages.repos
[1.125s] -- Up-to-date: C:/dev/micro_ros_ws/install/micro_ros_setup/./config/freertos/crazyflie21/configure.sh
[1.156s] -- Up-to-date: C:/dev/micro_ros_ws/install/micro_ros_setup/./config/freertos/crazyflie21/create.sh
[1.172s] -- Up-to-date: C:/dev/micro_ros_ws/install/micro_ros_setup/./config/freertos/crazyflie21/flash.sh
[1.188s] -- Up-to-date: C:/dev/micro_ros_ws/install/micro_ros_setup/./config/freertos/crazyflie21/package.xml
[1.203s] -- Up-to-date: C:/dev/micro_ros_ws/install/micro_ros_setup/./config/freertos/dev_ros2_packages.txt
[1.203s] -- Up-to-date: C:/dev/micro_ros_ws/install/micro_ros_setup/./config/freertos/dev_uros_packages.repos
[1.203s] -- Up-to-date: C:/dev/micro_ros_ws/install/micro_ros_setup/./config/freertos/esp32
[1.219s] -- Up-to-date: C:/dev/micro_ros_ws/install/micro_ros_setup/./config/freertos/esp32/board.repos
[1.235s] -- Up-to-date: C:/dev/micro_ros_ws/install/micro_ros_setup/./config/freertos/esp32/build.sh
[1.250s] -- Up-to-date: C:/dev/micro_ros_ws/install/micro_ros_setup/./config/freertos/esp32/client-colcon.meta
[1.250s] -- Up-to-date: C:/dev/micro_ros_ws/install/micro_ros_setup/./config/freertos/esp32/client_uros_packages.repos
[1.266s] -- Up-to-date: C:/dev/micro_ros_ws/install/micro_ros_setup/./config/freertos/esp32/configure.sh
[1.266s] -- Up-to-date: C:/dev/micro_ros_ws/install/micro_ros_setup/./config/freertos/esp32/create.sh
[1.297s] -- Up-to-date: C:/dev/micro_ros_ws/install/micro_ros_setup/./config/freertos/esp32/flash.sh
[1.313s] -- Up-to-date: C:/dev/micro_ros_ws/install/micro_ros_setup/./config/freertos/esp32/package.xml
[1.328s] -- Up-to-date: C:/dev/micro_ros_ws/install/micro_ros_setup/./config/freertos/esp32/README.md
[1.344s] -- Up-to-date: C:/dev/micro_ros_ws/install/micro_ros_setup/./config/freertos/list_apps.sh
[1.344s] -- Up-to-date: C:/dev/micro_ros_ws/install/micro_ros_setup/./config/freertos/nucleo_f446re
[1.360s] -- Up-to-date: C:/dev/micro_ros_ws/install/micro_ros_setup/./config/freertos/nucleo_f446re/board.repos
[1.375s] -- Up-to-date: C:/dev/micro_ros_ws/install/micro_ros_setup/./config/freertos/nucleo_f446re/build.sh
[1.391s] -- Up-to-date: C:/dev/micro_ros_ws/install/micro_ros_setup/./config/freertos/nucleo_f446re/client-colcon.meta
[1.391s] -- Up-to-date: C:/dev/micro_ros_ws/install/micro_ros_setup/./config/freertos/nucleo_f446re/client_uros_packages.repos
[1.391s] -- Up-to-date: C:/dev/micro_ros_ws/install/micro_ros_setup/./config/freertos/nucleo_f446re/configure.sh
[1.406s] -- Up-to-date: C:/dev/micro_ros_ws/install/micro_ros_setup/./config/freertos/nucleo_f446re/create.sh
[1.422s] -- Up-to-date: C:/dev/micro_ros_ws/install/micro_ros_setup/./config/freertos/nucleo_f446re/flash.sh
[1.438s] -- Up-to-date: C:/dev/micro_ros_ws/install/micro_ros_setup/./config/freertos/nucleo_f446re/package.xml
[1.438s] -- Up-to-date: C:/dev/micro_ros_ws/install/micro_ros_setup/./config/freertos/nucleo_f446ze
[1.438s] -- Up-to-date: C:/dev/micro_ros_ws/install/micro_ros_setup/./config/freertos/nucleo_f446ze/board.repos
[1.453s] -- Up-to-date: C:/dev/micro_ros_ws/install/micro_ros_setup/./config/freertos/nucleo_f446ze/build.sh
[1.453s] -- Up-to-date: C:/dev/micro_ros_ws/install/micro_ros_setup/./config/freertos/nucleo_f446ze/client-colcon.meta
[1.453s] -- Up-to-date: C:/dev/micro_ros_ws/install/micro_ros_setup/./config/freertos/nucleo_f446ze/client_uros_packages.repos
[1.469s] -- Up-to-date: C:/dev/micro_ros_ws/install/micro_ros_setup/./config/freertos/nucleo_f446ze/configure.sh
[1.469s] -- Up-to-date: C:/dev/micro_ros_ws/install/micro_ros_setup/./config/freertos/nucleo_f446ze/create.sh
[1.485s] -- Up-to-date: C:/dev/micro_ros_ws/install/micro_ros_setup/./config/freertos/nucleo_f446ze/flash.sh
[1.500s] -- Up-to-date: C:/dev/micro_ros_ws/install/micro_ros_setup/./config/freertos/nucleo_f446ze/package.xml
[1.500s] -- Up-to-date: C:/dev/micro_ros_ws/install/micro_ros_setup/./config/freertos/nucleo_f746zg
[1.500s] -- Up-to-date: C:/dev/micro_ros_ws/install/micro_ros_setup/./config/freertos/nucleo_f746zg/board.repos
[1.516s] -- Up-to-date: C:/dev/micro_ros_ws/install/micro_ros_setup/./config/freertos/nucleo_f746zg/build.sh
[1.516s] -- Up-to-date: C:/dev/micro_ros_ws/install/micro_ros_setup/./config/freertos/nucleo_f746zg/client-colcon.meta
[1.516s] -- Up-to-date: C:/dev/micro_ros_ws/install/micro_ros_setup/./config/freertos/nucleo_f746zg/client_uros_packages.repos
[1.531s] -- Up-to-date: C:/dev/micro_ros_ws/install/micro_ros_setup/./config/freertos/nucleo_f746zg/configure.sh
[1.531s] -- Up-to-date: C:/dev/micro_ros_ws/install/micro_ros_setup/./config/freertos/nucleo_f746zg/create.sh
[1.547s] -- Up-to-date: C:/dev/micro_ros_ws/install/micro_ros_setup/./config/freertos/nucleo_f746zg/flash.sh
[1.563s] -- Up-to-date: C:/dev/micro_ros_ws/install/micro_ros_setup/./config/freertos/nucleo_f746zg/package.xml
[1.563s] -- Up-to-date: C:/dev/micro_ros_ws/install/micro_ros_setup/./config/freertos/nucleo_f767zi
[1.563s] -- Up-to-date: C:/dev/micro_ros_ws/install/micro_ros_setup/./config/freertos/nucleo_f767zi/board.repos
[1.578s] -- Up-to-date: C:/dev/micro_ros_ws/install/micro_ros_setup/./config/freertos/nucleo_f767zi/build.sh
[1.578s] -- Up-to-date: C:/dev/micro_ros_ws/install/micro_ros_setup/./config/freertos/nucleo_f767zi/client-colcon.meta
[1.578s] -- Up-to-date: C:/dev/micro_ros_ws/install/micro_ros_setup/./config/freertos/nucleo_f767zi/client_uros_packages.repos
[1.594s] -- Up-to-date: C:/dev/micro_ros_ws/install/micro_ros_setup/./config/freertos/nucleo_f767zi/configure.sh
[1.594s] -- Up-to-date: C:/dev/micro_ros_ws/install/micro_ros_setup/./config/freertos/nucleo_f767zi/create.sh
[1.610s] -- Up-to-date: C:/dev/micro_ros_ws/install/micro_ros_setup/./config/freertos/nucleo_f767zi/flash.sh
[1.625s] -- Up-to-date: C:/dev/micro_ros_ws/install/micro_ros_setup/./config/freertos/nucleo_f767zi/package.xml
[1.625s] -- Up-to-date: C:/dev/micro_ros_ws/install/micro_ros_setup/./config/freertos/olimex-stm32-e407
[1.641s] -- Up-to-date: C:/dev/micro_ros_ws/install/micro_ros_setup/./config/freertos/olimex-stm32-e407/board.repos
[1.641s] -- Up-to-date: C:/dev/micro_ros_ws/install/micro_ros_setup/./config/freertos/olimex-stm32-e407/build.sh
[1.641s] -- Up-to-date: C:/dev/micro_ros_ws/install/micro_ros_setup/./config/freertos/olimex-stm32-e407/client-colcon.meta
[1.641s] -- Up-to-date: C:/dev/micro_ros_ws/install/micro_ros_setup/./config/freertos/olimex-stm32-e407/client_uros_packages.repos
[1.672s] -- Up-to-date: C:/dev/micro_ros_ws/install/micro_ros_setup/./config/freertos/olimex-stm32-e407/configure.sh
[1.672s] -- Up-to-date: C:/dev/micro_ros_ws/install/micro_ros_setup/./config/freertos/olimex-stm32-e407/create.sh
[1.688s] -- Up-to-date: C:/dev/micro_ros_ws/install/micro_ros_setup/./config/freertos/olimex-stm32-e407/flash.sh
[1.703s] -- Up-to-date: C:/dev/micro_ros_ws/install/micro_ros_setup/./config/freertos/olimex-stm32-e407/package.xml
[1.703s] -- Up-to-date: C:/dev/micro_ros_ws/install/micro_ros_setup/./config/generate_lib
[1.719s] -- Up-to-date: C:/dev/micro_ros_ws/install/micro_ros_setup/./config/generate_lib/dev_ros2_packages.txt
[1.719s] -- Up-to-date: C:/dev/micro_ros_ws/install/micro_ros_setup/./config/generate_lib/dev_uros_packages.repos
[1.719s] -- Up-to-date: C:/dev/micro_ros_ws/install/micro_ros_setup/./config/generate_lib/generic
[1.719s] -- Up-to-date: C:/dev/micro_ros_ws/install/micro_ros_setup/./config/generate_lib/generic/build.sh
[1.735s] -- Up-to-date: C:/dev/micro_ros_ws/install/micro_ros_setup/./config/generate_lib/generic/client-colcon.meta
[1.735s] -- Up-to-date: C:/dev/micro_ros_ws/install/micro_ros_setup/./config/generate_lib/generic/client_uros_packages.repos
[1.750s] -- Up-to-date: C:/dev/micro_ros_ws/install/micro_ros_setup/./config/generate_lib/generic/create.sh
[1.766s] -- Up-to-date: C:/dev/micro_ros_ws/install/micro_ros_setup/./config/generate_lib/generic/demo_toolchain.cmake
[1.766s] -- Up-to-date: C:/dev/micro_ros_ws/install/micro_ros_setup/./config/generate_lib/generic/flash.sh
[1.781s] -- Up-to-date: C:/dev/micro_ros_ws/install/micro_ros_setup/./config/generate_lib/generic/package.xml
[1.781s] -- Up-to-date: C:/dev/micro_ros_ws/install/micro_ros_setup/./config/host
[1.797s] -- Up-to-date: C:/dev/micro_ros_ws/install/micro_ros_setup/./config/host/client_ros2_packages.txt
[1.797s] -- Up-to-date: C:/dev/micro_ros_ws/install/micro_ros_setup/./config/host/dev_ros2_packages.txt
[1.797s] -- Up-to-date: C:/dev/micro_ros_ws/install/micro_ros_setup/./config/host/dev_uros_packages.repos
[1.797s] -- Up-to-date: C:/dev/micro_ros_ws/install/micro_ros_setup/./config/host/generic
[1.813s] -- Up-to-date: C:/dev/micro_ros_ws/install/micro_ros_setup/./config/host/generic/build.sh
[1.828s] -- Up-to-date: C:/dev/micro_ros_ws/install/micro_ros_setup/./config/host/generic/client-host-colcon.meta
[1.844s] -- Up-to-date: C:/dev/micro_ros_ws/install/micro_ros_setup/./config/host/generic/client_host_packages.repos
[1.860s] -- Up-to-date: C:/dev/micro_ros_ws/install/micro_ros_setup/./config/host/generic/create.sh
[1.875s] -- Up-to-date: C:/dev/micro_ros_ws/install/micro_ros_setup/./config/host/generic/flash.sh
[1.891s] -- Up-to-date: C:/dev/micro_ros_ws/install/micro_ros_setup/./config/host/generic/package.xml
[1.891s] -- Up-to-date: C:/dev/micro_ros_ws/install/micro_ros_setup/./config/raspbian
[1.891s] -- Up-to-date: C:/dev/micro_ros_ws/install/micro_ros_setup/./config/raspbian/dev_ros2_packages.txt
[1.891s] -- Up-to-date: C:/dev/micro_ros_ws/install/micro_ros_setup/./config/raspbian/dev_uros_packages.repos
[1.891s] -- Up-to-date: C:/dev/micro_ros_ws/install/micro_ros_setup/./config/raspbian/generic
[1.906s] -- Up-to-date: C:/dev/micro_ros_ws/install/micro_ros_setup/./config/raspbian/generic/build.sh
[1.906s] -- Up-to-date: C:/dev/micro_ros_ws/install/micro_ros_setup/./config/raspbian/generic/client-colcon.meta
[1.922s] -- Up-to-date: C:/dev/micro_ros_ws/install/micro_ros_setup/./config/raspbian/generic/client_uros_packages.repos
[1.938s] -- Up-to-date: C:/dev/micro_ros_ws/install/micro_ros_setup/./config/raspbian/generic/configure.sh
[1.953s] -- Up-to-date: C:/dev/micro_ros_ws/install/micro_ros_setup/./config/raspbian/generic/create.sh
[1.953s] -- Up-to-date: C:/dev/micro_ros_ws/install/micro_ros_setup/./config/raspbian/generic/flash.sh
[1.985s] -- Up-to-date: C:/dev/micro_ros_ws/install/micro_ros_setup/./config/raspbian/generic/supported_platforms
[1.985s] -- Up-to-date: C:/dev/micro_ros_ws/install/micro_ros_setup/./config/utils.sh
[1.985s] -- Up-to-date: C:/dev/micro_ros_ws/install/micro_ros_setup/./config/zephyr
[1.985s] -- Up-to-date: C:/dev/micro_ros_ws/install/micro_ros_setup/./config/zephyr/dev_ros2_packages.txt
[2.000s] -- Up-to-date: C:/dev/micro_ros_ws/install/micro_ros_setup/./config/zephyr/dev_uros_packages.repos
[2.000s] -- Up-to-date: C:/dev/micro_ros_ws/install/micro_ros_setup/./config/zephyr/generic
[2.000s] -- Up-to-date: C:/dev/micro_ros_ws/install/micro_ros_setup/./config/zephyr/generic/board.repos
[2.016s] -- Up-to-date: C:/dev/micro_ros_ws/install/micro_ros_setup/./config/zephyr/generic/build.sh
[2.031s] -- Up-to-date: C:/dev/micro_ros_ws/install/micro_ros_setup/./config/zephyr/generic/client-colcon.meta
[2.047s] -- Up-to-date: C:/dev/micro_ros_ws/install/micro_ros_setup/./config/zephyr/generic/client_uros_packages.repos
[2.063s] -- Up-to-date: C:/dev/micro_ros_ws/install/micro_ros_setup/./config/zephyr/generic/configure.sh
[2.094s] -- Up-to-date: C:/dev/micro_ros_ws/install/micro_ros_setup/./config/zephyr/generic/create.sh
[2.125s] -- Up-to-date: C:/dev/micro_ros_ws/install/micro_ros_setup/./config/zephyr/generic/flash.sh
[2.141s] -- Up-to-date: C:/dev/micro_ros_ws/install/micro_ros_setup/./config/zephyr/generic/package.xml
[2.156s] -- Up-to-date: C:/dev/micro_ros_ws/install/micro_ros_setup/./config/zephyr/generic/supported_platforms
[2.172s] -- Up-to-date: C:/dev/micro_ros_ws/install/micro_ros_setup/./config/zephyr/list_apps.sh
[2.172s] -- Up-to-date: C:/dev/micro_ros_ws/install/micro_ros_setup/lib/micro_ros_setup/create_ws.sh
[2.188s] -- Up-to-date: C:/dev/micro_ros_ws/install/micro_ros_setup/lib/micro_ros_setup/create_agent_ws.sh
[2.203s] -- Up-to-date: C:/dev/micro_ros_ws/install/micro_ros_setup/lib/micro_ros_setup/create_firmware_ws.sh
[2.203s] -- Up-to-date: C:/dev/micro_ros_ws/install/micro_ros_setup/lib/micro_ros_setup/configure_firmware.sh
[2.219s] -- Up-to-date: C:/dev/micro_ros_ws/install/micro_ros_setup/lib/micro_ros_setup/flash_firmware.sh
[2.235s] -- Up-to-date: C:/dev/micro_ros_ws/install/micro_ros_setup/lib/micro_ros_setup/build_firmware.sh
[2.250s] -- Up-to-date: C:/dev/micro_ros_ws/install/micro_ros_setup/lib/micro_ros_setup/build_agent.sh
[2.266s] -- Up-to-date: C:/dev/micro_ros_ws/install/micro_ros_setup/lib/micro_ros_setup/yaml_filter.py
[2.281s] -- Up-to-date: C:/dev/micro_ros_ws/install/micro_ros_setup/lib/micro_ros_setup/clean_env.sh
[2.281s] -- Up-to-date: C:/dev/micro_ros_ws/install/micro_ros_setup/lib/micro_ros_setup/component
[2.297s] Invoked command in 'c:\dev\micro_ros_ws\build\micro_ros_setup' returned '0': C:\Program Files\CMake\bin\cmake.EXE --install c:\dev\micro_ros_ws\build\micro_ros_setup --config Release
