[0.000000] (-) TimerEvent: {}
[0.000000] (micro_ros_setup) JobQueued: {'identifier': 'micro_ros_setup', 'dependencies': OrderedDict()}
[0.000000] (micro_ros_setup) JobStarted: {'identifier': 'micro_ros_setup'}
[0.110000] (micro_ros_setup) JobProgress: {'identifier': 'micro_ros_setup', 'progress': 'cmake'}
[0.110000] (-) TimerEvent: {}
[0.125000] (micro_ros_setup) Command: {'cmd': ['C:\\Program Files (x86)\\Microsoft Visual Studio\\2022\\BuildTools\\Common7\\IDE\\CommonExtensions\\Microsoft\\CMake\\CMake\\bin\\cmake.EXE', 'C:\\dev\\micro_ros_ws\\src\\micro_ros_setup', '-DCMAKE_INSTALL_PREFIX=C:\\dev\\micro_ros_ws\\install\\micro_ros_setup', '-G', 'Visual Studio 17 2022'], 'cwd': 'C:\\dev\\micro_ros_ws\\build\\micro_ros_setup', 'env': OrderedDict([('ALLUSERSPROFILE', 'C:\\ProgramData'), ('AMENT_PREFIX_PATH', 'C:\\dev\\ros2-jazzy\\ros2-windows'), ('APPDATA', 'C:\\Users\\yudai\\AppData\\Roaming'), ('ChocolateyInstall', 'C:\\ProgramData\\chocolatey'), ('ChocolateyLastPathUpdate', '133857225752269907'), ('CMAKE_PREFIX_PATH', 'C:\\dev\\ros2-jazzy\\ros2-windows\\opt/yaml_cpp_vendor;C:\\dev\\ros2-jazzy\\ros2-windows\\opt/pybind11_vendor;C:\\dev\\ros2-jazzy\\ros2-windows\\opt/orocos_kdl_vendor;C:\\dev\\ros2-jazzy\\ros2-windows\\opt/gz_math_vendor;C:\\dev\\ros2-jazzy\\ros2-windows\\opt/gz_utils_vendor;C:\\dev\\ros2-jazzy\\ros2-windows\\opt/gz_cmake_vendor;C:\\dev\\ros2-jazzy\\ros2-windows\\opt/console_bridge_vendor;C:\\dev\\ros2-jazzy\\ros2-windows'), ('COLCON', '1'), ('COLCON_PREFIX_PATH', 'C:\\dev\\ros2-jazzy\\ros2-windows\\'), ('CommandPromptType', 'Native'), ('CommonProgramFiles', 'C:\\Program Files\\Common Files'), ('CommonProgramFiles(x86)', 'C:\\Program Files (x86)\\Common Files'), ('CommonProgramW6432', 'C:\\Program Files\\Common Files'), ('COMPUTERNAME', 'LAPTOP-MNJFE5I1'), ('ComSpec', 'C:\\WINDOWS\\system32\\cmd.exe'), ('DevEnvDir', 'C:\\Program Files (x86)\\Microsoft Visual Studio\\2022\\BuildTools\\Common7\\IDE\\'), ('DriverData', 'C:\\Windows\\System32\\Drivers\\DriverData'), ('EFC_10892', '1'), ('ExtensionSdkDir', 'C:\\Program Files (x86)\\Microsoft SDKs\\Windows Kits\\10\\ExtensionSDKs'), ('EXTERNAL_INCLUDE', 'C:\\Program Files (x86)\\Microsoft Visual Studio\\2022\\BuildTools\\VC\\Tools\\MSVC\\14.38.33130\\include;C:\\Program Files (x86)\\Microsoft Visual Studio\\2022\\BuildTools\\VC\\Auxiliary\\VS\\include;C:\\Program Files (x86)\\Windows Kits\\10\\include\\10.0.22621.0\\ucrt;C:\\Program Files (x86)\\Windows Kits\\10\\\\include\\10.0.22621.0\\\\um;C:\\Program Files (x86)\\Windows Kits\\10\\\\include\\10.0.22621.0\\\\shared;C:\\Program Files (x86)\\Windows Kits\\10\\\\include\\10.0.22621.0\\\\winrt;C:\\Program Files (x86)\\Windows Kits\\10\\\\include\\10.0.22621.0\\\\cppwinrt;C:\\Program Files (x86)\\Windows Kits\\NETFXSDK\\4.8\\include\\um'), ('Framework40Version', 'v4.0'), ('FrameworkDir', 'C:\\Windows\\Microsoft.NET\\Framework64\\'), ('FrameworkDir64', 'C:\\Windows\\Microsoft.NET\\Framework64\\'), ('FrameworkVersion', 'v4.0.30319'), ('FrameworkVersion64', 'v4.0.30319'), ('HOMEDRIVE', 'C:'), ('HOMEPATH', '\\Users\\yudai'), ('HOOPS_LICENSE_KEY', 'c480f7b0c8c5d9481972b65e5bb8%;feae791a3ea8364138cf2d013afcdba1c5161243159cce85783736b215543765278a49565401db0f07d7a21c7c8e79b7e332b480902bcbaca254b0728a1312b970b35c5f62ba9daa4739dc50e3a32e93b9be312778f2db4fa3083142a5a0de18b12616a6e748ba5d0daf5493279a73406f200e%;d0b9'), ('IGCCSVC_DB', 'AQAAANCMnd8BFdERjHoAwE/Cl+sBAAAA64KZRa+4tU6qWsK5kZm6QgQAAAACAAAAAAAQZgAAAAEAACAAAAB1EzhfxtanHg0xLDV2JgrGvCySV6RbFGb4LJbejwXpfgAAAAAOgAAAAAIAACAAAADRxknnqFfezujPOb/1LHwJyxEURHbesKT4yaw5Lh39QmAAAACcO/6r431eJpH2FRAIf0YnUpNs86AMg/BaPfnbsyx5JQ1B4lEO8V86NPeVVxAETr6aM6necuBtzWNHEdvfRqbVOOUiGpTF8QGC1zspKusqv2Wm92MaMCKgxxES7bODQGJAAAAAzE8tf2bBkcV5s1M2xxoHXx2S0SjGdCNeDA0u/WXaEMKTQBE+A8UhOeMa41PNBmUG6wgq7G3x3mEpVQr5ECgxWg=='), ('INCLUDE', 'C:\\Program Files (x86)\\Microsoft Visual Studio\\2022\\BuildTools\\VC\\Tools\\MSVC\\14.38.33130\\include;C:\\Program Files (x86)\\Microsoft Visual Studio\\2022\\BuildTools\\VC\\Auxiliary\\VS\\include;C:\\Program Files (x86)\\Windows Kits\\10\\include\\10.0.22621.0\\ucrt;C:\\Program Files (x86)\\Windows Kits\\10\\\\include\\10.0.22621.0\\\\um;C:\\Program Files (x86)\\Windows Kits\\10\\\\include\\10.0.22621.0\\\\shared;C:\\Program Files (x86)\\Windows Kits\\10\\\\include\\10.0.22621.0\\\\winrt;C:\\Program Files (x86)\\Windows Kits\\10\\\\include\\10.0.22621.0\\\\cppwinrt;C:\\Program Files (x86)\\Windows Kits\\NETFXSDK\\4.8\\include\\um'), ('LIB', 'C:\\Program Files (x86)\\Microsoft Visual Studio\\2022\\BuildTools\\VC\\Tools\\MSVC\\14.38.33130\\lib\\x64;C:\\Program Files (x86)\\Windows Kits\\NETFXSDK\\4.8\\lib\\um\\x64;C:\\Program Files (x86)\\Windows Kits\\10\\lib\\10.0.22621.0\\ucrt\\x64;C:\\Program Files (x86)\\Windows Kits\\10\\\\lib\\10.0.22621.0\\\\um\\x64'), ('LIBPATH', 'C:\\Program Files (x86)\\Microsoft Visual Studio\\2022\\BuildTools\\VC\\Tools\\MSVC\\14.38.33130\\lib\\x64;C:\\Program Files (x86)\\Microsoft Visual Studio\\2022\\BuildTools\\VC\\Tools\\MSVC\\14.38.33130\\lib\\x86\\store\\references;C:\\Program Files (x86)\\Windows Kits\\10\\UnionMetadata\\10.0.22621.0;C:\\Program Files (x86)\\Windows Kits\\10\\References\\10.0.22621.0;C:\\Windows\\Microsoft.NET\\Framework64\\v4.0.30319'), ('LOCALAPPDATA', 'C:\\Users\\yudai\\AppData\\Local'), ('LOGONSERVER', '\\\\LAPTOP-MNJFE5I1'), ('NETFXSDKDir', 'C:\\Program Files (x86)\\Windows Kits\\NETFXSDK\\4.8\\'), ('NUMBER_OF_PROCESSORS', '8'), ('OneDrive', 'C:\\Users\\yudai\\OneDrive'), ('OneDriveConsumer', 'C:\\Users\\yudai\\OneDrive'), ('OS', 'Windows_NT'), ('Path', 'C:\\dev\\ros2-jazzy\\ros2-windows\\opt/zstd_vendor/lib;C:\\dev\\ros2-jazzy\\ros2-windows\\opt/zstd_vendor/bin;C:\\dev\\ros2-jazzy\\ros2-windows\\opt/yaml_cpp_vendor/lib;C:\\dev\\ros2-jazzy\\ros2-windows\\opt/yaml_cpp_vendor/bin;C:\\dev\\ros2-jazzy\\ros2-windows\\opt/uncrustify_vendor/bin;C:\\dev\\ros2-jazzy\\ros2-windows\\opt/sqlite3_vendor/lib;C:\\dev\\ros2-jazzy\\ros2-windows\\opt/sqlite3_vendor/bin;C:\\dev\\ros2-jazzy\\ros2-windows\\opt/spdlog_vendor/lib;C:\\dev\\ros2-jazzy\\ros2-windows\\opt/spdlog_vendor/bin;C:\\dev\\ros2-jazzy\\ros2-windows\\opt/rviz_ogre_vendor/lib;C:\\dev\\ros2-jazzy\\ros2-windows\\opt/rviz_ogre_vendor/bin;C:\\dev\\ros2-jazzy\\ros2-windows\\opt/rviz_assimp_vendor/lib;C:\\dev\\ros2-jazzy\\ros2-windows\\opt/rviz_assimp_vendor/bin;C:\\dev\\ros2-jazzy\\ros2-windows\\opt/orocos_kdl_vendor/lib;C:\\dev\\ros2-jazzy\\ros2-windows\\opt/mimick_vendor/lib;C:\\dev\\ros2-jazzy\\ros2-windows\\opt/libyaml_vendor/lib;C:\\dev\\ros2-jazzy\\ros2-windows\\opt/libyaml_vendor/bin;C:\\dev\\ros2-jazzy\\ros2-windows\\opt/liblz4_vendor/lib;C:\\dev\\ros2-jazzy\\ros2-windows\\opt/liblz4_vendor/bin;C:\\dev\\ros2-jazzy\\ros2-windows\\opt/libcurl_vendor/lib;C:\\dev\\ros2-jazzy\\ros2-windows\\opt/libcurl_vendor/bin;C:\\dev\\ros2-jazzy\\ros2-windows\\opt/gz_math_vendor/lib;C:\\dev\\ros2-jazzy\\ros2-windows\\opt/gz_math_vendor/bin;C:\\dev\\ros2-jazzy\\ros2-windows\\opt/gz_utils_vendor/lib;C:\\dev\\ros2-jazzy\\ros2-windows\\opt/gz_utils_vendor/bin;C:\\dev\\ros2-jazzy\\ros2-windows\\opt/gz_cmake_vendor/lib;C:\\dev\\ros2-jazzy\\ros2-windows\\opt/gz_cmake_vendor/bin;C:\\dev\\ros2-jazzy\\ros2-windows\\opt/console_bridge_vendor/lib;C:\\dev\\ros2-jazzy\\ros2-windows\\opt/console_bridge_vendor/bin;C:\\dev\\ros2-jazzy\\ros2-windows\\Scripts;C:\\dev\\ros2-jazzy\\ros2-windows\\bin;C:\\Program Files (x86)\\Microsoft Visual Studio\\2022\\BuildTools\\VC\\Tools\\MSVC\\14.38.33130\\bin\\HostX64\\x64;C:\\Program Files (x86)\\Microsoft Visual Studio\\2022\\BuildTools\\Common7\\IDE\\VC\\VCPackages;C:\\Program Files (x86)\\Microsoft Visual Studio\\2022\\BuildTools\\Common7\\IDE\\CommonExtensions\\Microsoft\\TestWindow;C:\\Program Files (x86)\\Microsoft Visual Studio\\2022\\BuildTools\\MSBuild\\Current\\bin\\Roslyn;C:\\Program Files (x86)\\Microsoft SDKs\\Windows\\v10.0A\\bin\\NETFX 4.8 Tools\\x64\\;C:\\Program Files (x86)\\Windows Kits\\10\\bin\\10.0.22621.0\\\\x64;C:\\Program Files (x86)\\Windows Kits\\10\\bin\\\\x64;C:\\Program Files (x86)\\Microsoft Visual Studio\\2022\\BuildTools\\\\MSBuild\\Current\\Bin\\amd64;C:\\Windows\\Microsoft.NET\\Framework64\\v4.0.30319;C:\\Program Files (x86)\\Microsoft Visual Studio\\2022\\BuildTools\\Common7\\IDE\\;C:\\Program Files (x86)\\Microsoft Visual Studio\\2022\\BuildTools\\Common7\\Tools\\;C:\\Python38\\Scripts\\;C:\\Python38\\;C:\\SIMULIA\\Commands;C:\\Program Files\\Semeru\\jre-11.0.17.8-openj9\\bin;C:\\Windows\\system32;C:\\Windows;C:\\Windows\\System32\\Wbem;C:\\Windows\\System32\\WindowsPowerShell\\v1.0\\;C:\\Windows\\System32\\OpenSSH\\;C:\\Program Files (x86)\\Pulse Secure\\VC142.CRT\\X64\\;C:\\Program Files (x86)\\Pulse Secure\\VC142.CRT\\X86\\;C:\\Program Files (x86)\\Common Files\\Pulse Secure\\TNC Client Plugin\\;C:\\Program Files\\MATLAB\\R2022b\\bin;C:\\WINDOWS\\system32;C:\\WINDOWS;C:\\WINDOWS\\System32\\Wbem;C:\\WINDOWS\\System32\\WindowsPowerShell\\v1.0\\;C:\\WINDOWS\\System32\\OpenSSH\\;C:\\Program Files\\Docker\\Docker\\resources\\bin;C:\\Program Files\\dotnet\\;C:\\Program Files\\Git\\cmd;C:\\Program Files\\PowerShell\\7\\;C:\\ProgramData\\chocolatey\\bin;C:\\Users\\yudai\\.cargo\\bin;C:\\Users\\yudai\\AppData\\Local\\Microsoft\\WindowsApps;C:\\Users\\yudai\\AppData\\Local\\Programs\\Microsoft VS Code\\bin;C:\\texlive\\2023\\bin\\windows;C:\\Users\\yudai\\AppData\\Local\\atom\\bin;C:\\Users\\yudai\\pneumatic-arm-control;C:\\Users\\yudai\\mingw64\\bin;C:\\texlive\\2023\\tlpkg\\tlperl\\bin;C:\\Users\\yudai\\.dotnet\\tools;C:\\Users\\yudai\\AppData\\Roaming\\Programs\\Zero Install;%USERPROFILE%\\AppData\\Local\\Microsoft\\WindowsApps;;C:\\Program Files (x86)\\Microsoft Visual Studio\\2022\\BuildTools\\Common7\\IDE\\CommonExtensions\\Microsoft\\CMake\\CMake\\bin;C:\\Program Files (x86)\\Microsoft Visual Studio\\2022\\BuildTools\\Common7\\IDE\\CommonExtensions\\Microsoft\\CMake\\Ninja;C:\\Program Files (x86)\\Microsoft Visual Studio\\2022\\BuildTools\\Common7\\IDE\\VC\\Linux\\bin\\ConnectionManagerExe'), ('PATHEXT', '.COM;.EXE;.BAT;.CMD;.VBS;.VBE;.JS;.JSE;.WSF;.WSH;.MSC;.PY;.PYW'), ('PKG_CONFIG_PATH', 'C:\\dev\\ros2-jazzy\\ros2-windows\\lib\\pkgconfig'), ('Platform', 'x64'), ('POWERSHELL_DISTRIBUTION_CHANNEL', 'MSI:Windows 10 Pro'), ('PROCESSOR_ARCHITECTURE', 'AMD64'), ('PROCESSOR_IDENTIFIER', 'Intel64 Family 6 Model 140 Stepping 1, GenuineIntel'), ('PROCESSOR_LEVEL', '6'), ('PROCESSOR_REVISION', '8c01'), ('ProgramData', 'C:\\ProgramData'), ('ProgramFiles', 'C:\\Program Files'), ('ProgramFiles(x86)', 'C:\\Program Files (x86)'), ('ProgramW6432', 'C:\\Program Files'), ('PROMPT', '$P$G'), ('PSModulePath', 'C:\\Program Files\\WindowsPowerShell\\Modules;C:\\WINDOWS\\system32\\WindowsPowerShell\\v1.0\\Modules'), ('PUBLIC', 'C:\\Users\\Public'), ('PYTHONPATH', 'C:\\ci\\ws\\install\\lib\\python3.8\\dist-packages;C:\\dev\\ros2-jazzy\\ros2-windows\\Lib\\site-packages'), ('ROS_AUTOMATIC_DISCOVERY_RANGE', 'SUBNET'), ('ROS_DISTRO', 'jazzy'), ('ROS_PYTHON_VERSION', '3'), ('ROS_VERSION', '2'), ('SESSIONNAME', 'Console'), ('SystemDrive', 'C:'), ('SystemRoot', 'C:\\WINDOWS'), ('TEMP', 'C:\\Users\\yudai\\AppData\\Local\\Temp'), ('TMP', 'C:\\Users\\yudai\\AppData\\Local\\Temp'), ('UCRTVersion', '10.0.22621.0'), ('UniversalCRTSdkDir', 'C:\\Program Files (x86)\\Windows Kits\\10\\'), ('USERDOMAIN', 'LAPTOP-MNJFE5I1'), ('USERDOMAIN_ROAMINGPROFILE', 'LAPTOP-MNJFE5I1'), ('USERNAME', 'yudai'), ('USERPROFILE', 'C:\\Users\\yudai'), ('VCIDEInstallDir', 'C:\\Program Files (x86)\\Microsoft Visual Studio\\2022\\BuildTools\\Common7\\IDE\\VC\\'), ('VCINSTALLDIR', 'C:\\Program Files (x86)\\Microsoft Visual Studio\\2022\\BuildTools\\VC\\'), ('VCToolsInstallDir', 'C:\\Program Files (x86)\\Microsoft Visual Studio\\2022\\BuildTools\\VC\\Tools\\MSVC\\14.38.33130\\'), ('VCToolsRedistDir', 'C:\\Program Files (x86)\\Microsoft Visual Studio\\2022\\BuildTools\\VC\\Redist\\MSVC\\14.38.33135\\'), ('VCToolsVersion', '14.38.33130'), ('VisualStudioVersion', '17.0'), ('VS170COMNTOOLS', 'C:\\Program Files (x86)\\Microsoft Visual Studio\\2022\\BuildTools\\Common7\\Tools\\'), ('VSCMD_ARG_app_plat', 'Desktop'), ('VSCMD_ARG_HOST_ARCH', 'x64'), ('VSCMD_ARG_TGT_ARCH', 'x64'), ('VSCMD_VER', '17.8.6'), ('VSINSTALLDIR', 'C:\\Program Files (x86)\\Microsoft Visual Studio\\2022\\BuildTools\\'), ('windir', 'C:\\WINDOWS'), ('WindowsLibPath', 'C:\\Program Files (x86)\\Windows Kits\\10\\UnionMetadata\\10.0.22621.0;C:\\Program Files (x86)\\Windows Kits\\10\\References\\10.0.22621.0'), ('WindowsSdkBinPath', 'C:\\Program Files (x86)\\Windows Kits\\10\\bin\\'), ('WindowsSdkDir', 'C:\\Program Files (x86)\\Windows Kits\\10\\'), ('WindowsSDKLibVersion', '10.0.22621.0\\'), ('WindowsSdkVerBinPath', 'C:\\Program Files (x86)\\Windows Kits\\10\\bin\\10.0.22621.0\\'), ('WindowsSDKVersion', '10.0.22621.0\\'), ('WindowsSDK_ExecutablePath_x64', 'C:\\Program Files (x86)\\Microsoft SDKs\\Windows\\v10.0A\\bin\\NETFX 4.8 Tools\\x64\\'), ('WindowsSDK_ExecutablePath_x86', 'C:\\Program Files (x86)\\Microsoft SDKs\\Windows\\v10.0A\\bin\\NETFX 4.8 Tools\\'), ('ZES_ENABLE_SYSMAN', '1'), ('__DOTNET_ADD_64BIT', '1'), ('__DOTNET_PREFERRED_BITNESS', '64'), ('__VSCMD_PREINIT_PATH', 'C:\\Python38\\Scripts\\;C:\\Python38\\;C:\\SIMULIA\\Commands;C:\\Program Files\\Semeru\\jre-11.0.17.8-openj9\\bin;C:\\Windows\\system32;C:\\Windows;C:\\Windows\\System32\\Wbem;C:\\Windows\\System32\\WindowsPowerShell\\v1.0\\;C:\\Windows\\System32\\OpenSSH\\;C:\\Program Files (x86)\\Pulse Secure\\VC142.CRT\\X64\\;C:\\Program Files (x86)\\Pulse Secure\\VC142.CRT\\X86\\;C:\\Program Files (x86)\\Common Files\\Pulse Secure\\TNC Client Plugin\\;C:\\Program Files\\MATLAB\\R2022b\\bin;C:\\WINDOWS\\system32;C:\\WINDOWS;C:\\WINDOWS\\System32\\Wbem;C:\\WINDOWS\\System32\\WindowsPowerShell\\v1.0\\;C:\\WINDOWS\\System32\\OpenSSH\\;C:\\Program Files\\Docker\\Docker\\resources\\bin;C:\\Program Files\\dotnet\\;C:\\Program Files\\Git\\cmd;C:\\Program Files\\PowerShell\\7\\;C:\\ProgramData\\chocolatey\\bin;C:\\Users\\yudai\\.cargo\\bin;C:\\Users\\yudai\\AppData\\Local\\Microsoft\\WindowsApps;C:\\Users\\yudai\\AppData\\Local\\Programs\\Microsoft VS Code\\bin;C:\\texlive\\2023\\bin\\windows;C:\\Users\\yudai\\AppData\\Local\\atom\\bin;C:\\Users\\yudai\\pneumatic-arm-control;C:\\Users\\yudai\\mingw64\\bin;C:\\texlive\\2023\\tlpkg\\tlperl\\bin;C:\\Users\\yudai\\.dotnet\\tools;C:\\Users\\yudai\\AppData\\Roaming\\Programs\\Zero Install;%USERPROFILE%\\AppData\\Local\\Microsoft\\WindowsApps;')]), 'shell': False}
[0.219000] (-) TimerEvent: {}
[0.250000] (micro_ros_setup) StdoutLine: {'line': b'-- Selecting Windows SDK version 10.0.22621.0 to target Windows 10.0.26100.\n'}
[0.328000] (-) TimerEvent: {}
[0.438000] (-) TimerEvent: {}
[0.547000] (-) TimerEvent: {}
[0.657000] (-) TimerEvent: {}
[0.766000] (-) TimerEvent: {}
[0.875000] (-) TimerEvent: {}
[0.985000] (-) TimerEvent: {}
[1.094000] (-) TimerEvent: {}
[1.203000] (-) TimerEvent: {}
[1.313000] (-) TimerEvent: {}
[1.422000] (-) TimerEvent: {}
[1.532000] (-) TimerEvent: {}
[1.641000] (-) TimerEvent: {}
[1.750000] (-) TimerEvent: {}
[1.860000] (-) TimerEvent: {}
[1.969000] (-) TimerEvent: {}
[2.078000] (-) TimerEvent: {}
[2.188000] (-) TimerEvent: {}
[2.297000] (-) TimerEvent: {}
[2.407000] (-) TimerEvent: {}
[2.516000] (-) TimerEvent: {}
[2.625000] (-) TimerEvent: {}
[2.735000] (-) TimerEvent: {}
[2.797000] (micro_ros_setup) StdoutLine: {'line': b'-- The C compiler identification is MSVC 19.38.33135.0\n'}
[2.844000] (-) TimerEvent: {}
[2.969000] (-) TimerEvent: {}
[3.078000] (-) TimerEvent: {}
[3.188000] (-) TimerEvent: {}
[3.297000] (-) TimerEvent: {}
[3.407000] (-) TimerEvent: {}
[3.516000] (-) TimerEvent: {}
[3.625000] (-) TimerEvent: {}
[3.735000] (-) TimerEvent: {}
[3.844000] (-) TimerEvent: {}
[3.875000] (micro_ros_setup) StdoutLine: {'line': b'-- The CXX compiler identification is MSVC 19.38.33135.0\n'}
[3.953000] (-) TimerEvent: {}
[4.063000] (-) TimerEvent: {}
[4.172000] (-) TimerEvent: {}
[4.235000] (micro_ros_setup) StdoutLine: {'line': b'-- Detecting C compiler ABI info\n'}
[4.282000] (-) TimerEvent: {}
[4.407000] (-) TimerEvent: {}
[4.532000] (-) TimerEvent: {}
[4.641000] (-) TimerEvent: {}
[4.766000] (-) TimerEvent: {}
[4.875000] (-) TimerEvent: {}
[4.985000] (-) TimerEvent: {}
[5.094000] (-) TimerEvent: {}
[5.172000] (micro_ros_setup) StdoutLine: {'line': b'-- Detecting C compiler ABI info - done\n'}
[5.203000] (micro_ros_setup) StdoutLine: {'line': b'-- Check for working C compiler: C:/Program Files (x86)/Microsoft Visual Studio/2022/BuildTools/VC/Tools/MSVC/14.38.33130/bin/Hostx64/x64/cl.exe - skipped\n'}
[5.203000] (-) TimerEvent: {}
[5.219000] (micro_ros_setup) StdoutLine: {'line': b'-- Detecting C compile features\n'}
[5.235000] (micro_ros_setup) StdoutLine: {'line': b'-- Detecting C compile features - done\n'}
[5.313000] (-) TimerEvent: {}
[5.313000] (micro_ros_setup) StdoutLine: {'line': b'-- Detecting CXX compiler ABI info\n'}
[5.422000] (-) TimerEvent: {}
[5.532000] (-) TimerEvent: {}
[5.641000] (-) TimerEvent: {}
[5.766000] (-) TimerEvent: {}
[5.875000] (-) TimerEvent: {}
[5.985000] (-) TimerEvent: {}
[6.094000] (-) TimerEvent: {}
[6.141000] (micro_ros_setup) StdoutLine: {'line': b'-- Detecting CXX compiler ABI info - done\n'}
[6.172000] (micro_ros_setup) StdoutLine: {'line': b'-- Check for working CXX compiler: C:/Program Files (x86)/Microsoft Visual Studio/2022/BuildTools/VC/Tools/MSVC/14.38.33130/bin/Hostx64/x64/cl.exe - skipped\n'}
[6.188000] (micro_ros_setup) StdoutLine: {'line': b'-- Detecting CXX compile features\n'}
[6.188000] (micro_ros_setup) StdoutLine: {'line': b'-- Detecting CXX compile features - done\n'}
[6.203000] (-) TimerEvent: {}
[6.235000] (micro_ros_setup) StdoutLine: {'line': b'-- Found ament_cmake: 2.5.3 (C:/dev/ros2-jazzy/ros2-windows/share/ament_cmake/cmake)\n'}
[6.313000] (-) TimerEvent: {}
[6.422000] (-) TimerEvent: {}
[6.532000] (-) TimerEvent: {}
[6.641000] (-) TimerEvent: {}
[6.750000] (-) TimerEvent: {}
[6.860000] (-) TimerEvent: {}
[6.969000] (-) TimerEvent: {}
[7.078000] (-) TimerEvent: {}
[7.188000] (-) TimerEvent: {}
[7.297000] (-) TimerEvent: {}
[7.407000] (-) TimerEvent: {}
[7.532000] (-) TimerEvent: {}
[7.641000] (-) TimerEvent: {}
[7.750000] (-) TimerEvent: {}
[7.860000] (-) TimerEvent: {}
[7.969000] (-) TimerEvent: {}
[8.094000] (-) TimerEvent: {}
[8.219000] (-) TimerEvent: {}
[8.328000] (-) TimerEvent: {}
[8.438000] (-) TimerEvent: {}
[8.547000] (-) TimerEvent: {}
[8.657000] (-) TimerEvent: {}
[8.766000] (-) TimerEvent: {}
[8.875000] (-) TimerEvent: {}
[8.985000] (-) TimerEvent: {}
[9.000000] (micro_ros_setup) StdoutLine: {'line': b'-- Found Python3: C:/Users/yudai/AppData/Local/Programs/Python/Python311/python.exe (found version "3.11.3") found components: Interpreter \n'}
[9.110000] (-) TimerEvent: {}
[9.219000] (-) TimerEvent: {}
[9.328000] (-) TimerEvent: {}
[9.438000] (-) TimerEvent: {}
[9.547000] (-) TimerEvent: {}
[9.657000] (-) TimerEvent: {}
[9.782000] (-) TimerEvent: {}
[9.891000] (-) TimerEvent: {}
[10.000000] (-) TimerEvent: {}
[10.110000] (-) TimerEvent: {}
[10.219000] (-) TimerEvent: {}
[10.360000] (-) TimerEvent: {}
[10.469000] (micro_ros_setup) StdoutLine: {'line': b'-- Found ament_lint_auto: 0.17.1 (C:/dev/ros2-jazzy/ros2-windows/share/ament_lint_auto/cmake)\n'}
[10.469000] (-) TimerEvent: {}
[10.594000] (-) TimerEvent: {}
[10.594000] (micro_ros_setup) StderrLine: {'line': b'Traceback (most recent call last):\r\n'}
[10.594000] (micro_ros_setup) StderrLine: {'line': b'  File "C:\\dev\\ros2-jazzy\\ros2-windows\\share\\ament_cmake_core\\cmake\\core\\package_xml_2_cmake.py", line 22, in <module>\r\n'}
[10.594000] (micro_ros_setup) StderrLine: {'line': b'    from catkin_pkg.package import parse_package_string\r\n'}
[10.594000] (micro_ros_setup) StderrLine: {'line': b"ModuleNotFoundError: No module named 'catkin_pkg'\r\n"}
[10.594000] (micro_ros_setup) StderrLine: {'line': b'CMake Error at C:/dev/ros2-jazzy/ros2-windows/share/ament_cmake_core/cmake/core/ament_package_xml.cmake:95 (message):\n'}
[10.594000] (micro_ros_setup) StderrLine: {'line': b'  \n'}
[10.594000] (micro_ros_setup) StderrLine: {'line': b'  execute_process(C:/Users/yudai/AppData/Local/Programs/Python/Python311/python.exe\n'}
[10.594000] (micro_ros_setup) StderrLine: {'line': b'  C:/dev/ros2-jazzy/ros2-windows/share/ament_cmake_core/cmake/core/package_xml_2_cmake.py\n'}
[10.594000] (micro_ros_setup) StderrLine: {'line': b'  C:/dev/micro_ros_ws/src/micro_ros_setup/package.xml\n'}
[10.594000] (micro_ros_setup) StderrLine: {'line': b'  C:/dev/micro_ros_ws/build/micro_ros_setup/ament_cmake_core/package.cmake)\n'}
[10.594000] (micro_ros_setup) StderrLine: {'line': b'  returned error code 1\n'}
[10.594000] (micro_ros_setup) StderrLine: {'line': b'Call Stack (most recent call first):\n'}
[10.594000] (micro_ros_setup) StderrLine: {'line': b'  C:/dev/ros2-jazzy/ros2-windows/share/ament_cmake_core/cmake/core/ament_package_xml.cmake:49 (_ament_package_xml)\n'}
[10.594000] (micro_ros_setup) StderrLine: {'line': b'  C:/dev/ros2-jazzy/ros2-windows/share/ament_lint_auto/cmake/ament_lint_auto_find_test_dependencies.cmake:31 (ament_package_xml)\n'}
[10.594000] (micro_ros_setup) StderrLine: {'line': b'  CMakeLists.txt:32 (ament_lint_auto_find_test_dependencies)\n'}
[10.594000] (micro_ros_setup) StderrLine: {'line': b'\n'}
[10.594000] (micro_ros_setup) StderrLine: {'line': b'\n'}
[10.594000] (micro_ros_setup) StdoutLine: {'line': b'-- Configuring incomplete, errors occurred!\n'}
[10.610000] (micro_ros_setup) CommandEnded: {'returncode': 1}
[10.703000] (-) TimerEvent: {}
[10.719000] (micro_ros_setup) JobEnded: {'identifier': 'micro_ros_setup', 'rc': 1}
[10.735000] (-) EventReactorShutdown: {}
