[0.125s] Invoking command in 'C:\dev\micro_ros_ws\build\micro_ros_setup': C:\Program Files (x86)\Microsoft Visual Studio\2022\BuildTools\Common7\IDE\CommonExtensions\Microsoft\CMake\CMake\bin\cmake.EXE C:\dev\micro_ros_ws\src\micro_ros_setup -DCMAKE_INSTALL_PREFIX=C:\dev\micro_ros_ws\install\micro_ros_setup
[0.157s] -- Selecting Windows SDK version 10.0.22621.0 to target Windows 10.0.26100.
[0.188s] -- Found ament_cmake: 2.5.3 (C:/dev/ros2-jazzy/ros2-windows/share/ament_cmake/cmake)
[0.688s] -- Found ament_lint_auto: 0.17.1 (C:/dev/ros2-jazzy/ros2-windows/share/ament_lint_auto/cmake)
[0.766s] Traceback (most recent call last):
[0.766s]   File "C:\dev\ros2-jazzy\ros2-windows\share\ament_cmake_core\cmake\core\package_xml_2_cmake.py", line 22, in <module>
[0.766s]     from catkin_pkg.package import parse_package_string
[0.766s] ModuleNotFoundError: No module named 'catkin_pkg'
[0.766s] CMake Error at C:/dev/ros2-jazzy/ros2-windows/share/ament_cmake_core/cmake/core/ament_package_xml.cmake:95 (message):
[0.766s]   
[0.766s]   execute_process(C:/Users/yudai/AppData/Local/Programs/Python/Python311/python.exe
[0.766s]   C:/dev/ros2-jazzy/ros2-windows/share/ament_cmake_core/cmake/core/package_xml_2_cmake.py
[0.766s]   C:/dev/micro_ros_ws/src/micro_ros_setup/package.xml
[0.766s]   C:/dev/micro_ros_ws/build/micro_ros_setup/ament_cmake_core/package.cmake)
[0.766s]   returned error code 1
[0.766s] Call Stack (most recent call first):
[0.766s]   C:/dev/ros2-jazzy/ros2-windows/share/ament_cmake_core/cmake/core/ament_package_xml.cmake:49 (_ament_package_xml)
[0.766s]   C:/dev/ros2-jazzy/ros2-windows/share/ament_lint_auto/cmake/ament_lint_auto_find_test_dependencies.cmake:31 (ament_package_xml)
[0.766s]   CMakeLists.txt:32 (ament_lint_auto_find_test_dependencies)
[0.766s] 
[0.766s] 
[0.766s] -- Configuring incomplete, errors occurred!
[0.797s] Invoked command in 'C:\dev\micro_ros_ws\build\micro_ros_setup' returned '1': C:\Program Files (x86)\Microsoft Visual Studio\2022\BuildTools\Common7\IDE\CommonExtensions\Microsoft\CMake\CMake\bin\cmake.EXE C:\dev\micro_ros_ws\src\micro_ros_setup -DCMAKE_INSTALL_PREFIX=C:\dev\micro_ros_ws\install\micro_ros_setup
