[0.125s] Invoking command in 'C:\dev\micro_ros_ws\build\micro_ros_setup': C:\Program Files (x86)\Microsoft Visual Studio\2022\BuildTools\Common7\IDE\CommonExtensions\Microsoft\CMake\CMake\bin\cmake.EXE C:\dev\micro_ros_ws\src\micro_ros_setup -DCMAKE_INSTALL_PREFIX=C:\dev\micro_ros_ws\install\micro_ros_setup -G Visual Studio 17 2022
[0.250s] -- Selecting Windows SDK version 10.0.22621.0 to target Windows 10.0.26100.
[2.813s] -- The C compiler identification is MSVC 19.38.33135.0
[3.875s] -- The CXX compiler identification is MSVC 19.38.33135.0
[4.235s] -- Detecting C compiler ABI info
[5.172s] -- Detecting C compiler ABI info - done
[5.203s] -- Check for working C compiler: C:/Program Files (x86)/Microsoft Visual Studio/2022/BuildTools/VC/Tools/MSVC/14.38.33130/bin/Hostx64/x64/cl.exe - skipped
[5.219s] -- Detecting C compile features
[5.235s] -- Detecting C compile features - done
[5.313s] -- Detecting CXX compiler ABI info
[6.141s] -- Detecting CXX compiler ABI info - done
[6.188s] -- Check for working CXX compiler: C:/Program Files (x86)/Microsoft Visual Studio/2022/BuildTools/VC/Tools/MSVC/14.38.33130/bin/Hostx64/x64/cl.exe - skipped
[6.188s] -- Detecting CXX compile features
[6.188s] -- Detecting CXX compile features - done
[6.235s] -- Found ament_cmake: 2.5.3 (C:/dev/ros2-jazzy/ros2-windows/share/ament_cmake/cmake)
[9.000s] -- Found Python3: C:/Users/yudai/AppData/Local/Programs/Python/Python311/python.exe (found version "3.11.3") found components: Interpreter 
[10.469s] -- Found ament_lint_auto: 0.17.1 (C:/dev/ros2-jazzy/ros2-windows/share/ament_lint_auto/cmake)
[10.594s] Traceback (most recent call last):
[10.594s]   File "C:\dev\ros2-jazzy\ros2-windows\share\ament_cmake_core\cmake\core\package_xml_2_cmake.py", line 22, in <module>
[10.594s]     from catkin_pkg.package import parse_package_string
[10.594s] ModuleNotFoundError: No module named 'catkin_pkg'
[10.594s] CMake Error at C:/dev/ros2-jazzy/ros2-windows/share/ament_cmake_core/cmake/core/ament_package_xml.cmake:95 (message):
[10.594s]   
[10.594s]   execute_process(C:/Users/yudai/AppData/Local/Programs/Python/Python311/python.exe
[10.594s]   C:/dev/ros2-jazzy/ros2-windows/share/ament_cmake_core/cmake/core/package_xml_2_cmake.py
[10.594s]   C:/dev/micro_ros_ws/src/micro_ros_setup/package.xml
[10.594s]   C:/dev/micro_ros_ws/build/micro_ros_setup/ament_cmake_core/package.cmake)
[10.594s]   returned error code 1
[10.594s] Call Stack (most recent call first):
[10.594s]   C:/dev/ros2-jazzy/ros2-windows/share/ament_cmake_core/cmake/core/ament_package_xml.cmake:49 (_ament_package_xml)
[10.594s]   C:/dev/ros2-jazzy/ros2-windows/share/ament_lint_auto/cmake/ament_lint_auto_find_test_dependencies.cmake:31 (ament_package_xml)
[10.594s]   CMakeLists.txt:32 (ament_lint_auto_find_test_dependencies)
[10.594s] 
[10.594s] 
[10.594s] -- Configuring incomplete, errors occurred!
[10.610s] Invoked command in 'C:\dev\micro_ros_ws\build\micro_ros_setup' returned '1': C:\Program Files (x86)\Microsoft Visual Studio\2022\BuildTools\Common7\IDE\CommonExtensions\Microsoft\CMake\CMake\bin\cmake.EXE C:\dev\micro_ros_ws\src\micro_ros_setup -DCMAKE_INSTALL_PREFIX=C:\dev\micro_ros_ws\install\micro_ros_setup -G Visual Studio 17 2022
